[2025-05-19T21:24:25.072 +03:00] [INFO] Loading invitation image from: /Users/yigalm/MyProjects/github/ea-bot/invitation.jpeg
[2025-05-19T21:24:25.074 +03:00] [INFO] Invitation image loaded successfully
[2025-05-19T21:24:25.091 +03:00] [INFO] Initializing WhatsApp connection...
[2025-05-19T21:24:25.152 +03:00] [INFO] Setting up RSVP message schedule: */5 * * * *
[2025-05-19T21:24:25.153 +03:00] [INFO] Setting up follow-up checker to run every hour
[2025-05-19T21:24:25.155 +03:00] [INFO] Connection update: {"connection":"connecting","receivedPendingNotifications":false}
[2025-05-19T21:24:25.156 +03:00] [INFO] Web server running on port 3000
[2025-05-19T21:24:26.417 +03:00] [INFO] Connection update: {"qr":"2@ORBwpLAmwMJUyAMNDXuWQKu23miKHRfZN9hmPiC1Oe02GGRtX74UShtOadcp9E4yMjVRSN+gvR3Brjlj4DmvD6TTxOqB5cC8sWw=,lCbs+ILTyf5uH0N7+RSSiURoTFea0PkFf1EKhglNkQE=,yx0Xm36Sb18+TXY5kJeNCJCEt8FKQSZ18CJ9PKwWxzo=,/8qD2owKtGEu+Xcnx9R5szKIkzr9lsmKBqt6/OFiH88="}
[2025-05-19T21:24:26.456 +03:00] [INFO] 

==== WHATSAPP QR CODE (SCAN WITH PHONE) ====
[2025-05-19T21:24:26.457 +03:00] [INFO] ============================================
[2025-05-19T21:24:26.457 +03:00] [INFO] Scan this QR code with WhatsApp to connect your bot
[2025-05-19T21:24:26.457 +03:00] [INFO] Or visit http://localhost:3000/qr or your Railway.app URL to scan it
[2025-05-19T21:24:26.470 +03:00] [INFO] QR code saved as HTML and PNG files
[2025-05-19T21:24:50.408 +03:00] [INFO] Connection update: {"isNewLogin":true}
[2025-05-19T21:24:50.811 +03:00] [INFO] Connection update: {"connection":"close","lastDisconnect":{"error":{"data":{"tag":"stream:error","attrs":{"code":"515"}},"isBoom":true,"isServer":true,"output":{"statusCode":515,"payload":{"statusCode":515,"error":"Unknown","message":"Stream Errored (restart required)"},"headers":{}}},"date":"2025-05-19T18:24:50.811Z"}}
[2025-05-19T21:24:50.811 +03:00] [INFO] Connection closed. Attempting to reconnect...
[2025-05-19T21:24:50.814 +03:00] [WARN] Disconnected with status code: 515
[2025-05-19T21:24:50.815 +03:00] [INFO] Reconnecting...
[2025-05-19T21:24:53.816 +03:00] [INFO] Initializing WhatsApp connection...
[2025-05-19T21:24:53.825 +03:00] [INFO] Setting up RSVP message schedule: */5 * * * *
[2025-05-19T21:24:53.828 +03:00] [INFO] Setting up follow-up checker to run every hour
[2025-05-19T21:24:53.829 +03:00] [INFO] Connection update: {"connection":"connecting","receivedPendingNotifications":false}
[2025-05-19T21:24:55.256 +03:00] [INFO] Connection update: {"receivedPendingNotifications":true}
[2025-05-19T21:24:55.847 +03:00] [INFO] Connection update: {"connection":"open"}
[2025-05-19T21:24:55.847 +03:00] [INFO] Bot successfully connected! Bot JID: 972507412770:45@s.whatsapp.net
[2025-05-19T21:24:55.847 +03:00] [INFO] Available admin commands:
[2025-05-19T21:24:55.847 +03:00] [INFO] !sendrsvp - Send RSVP messages to pending guests
[2025-05-19T21:24:55.847 +03:00] [INFO] !sendrsvpforce - Send RSVP messages to ALL guests
[2025-05-19T21:24:55.847 +03:00] [INFO] !clearcache - Clear the contacted guests cache
[2025-05-19T21:24:55.847 +03:00] [INFO] !status - Show current bot status and event details
[2025-05-19T21:24:55.847 +03:00] [INFO] !eventdate - Show event date and days remaining
[2025-05-19T21:24:55.847 +03:00] [INFO] !reload - Reload guest list from Google Sheets
[2025-05-19T21:24:55.847 +03:00] [INFO] !debugapi - Test API connection to Google Apps Script
[2025-05-19T21:24:55.847 +03:00] [INFO] !followups - View scheduled follow-up reminders
[2025-05-19T21:24:55.847 +03:00] [INFO] !diagnose - Check system health and fix data issues
[2025-05-19T21:25:00.195 +03:00] [INFO] Starting RSVP message batch with URL: https://script.google.com/macros/s/AKfycbxb9mGb5WsKt-h_3JcPJDC9Oz7m_Ec3_FXF-P622i6Gh4Py6b9U_7KJ83nX7auW9Hx2-w/exec
[2025-05-19T21:25:00.195 +03:00] [WARN] No active connection, skipping RSVP message batch
[2025-05-19T21:25:00.839 +03:00] [INFO] Starting RSVP message batch with URL: https://script.google.com/macros/s/AKfycbxb9mGb5WsKt-h_3JcPJDC9Oz7m_Ec3_FXF-P622i6Gh4Py6b9U_7KJ83nX7auW9Hx2-w/exec
[2025-05-19T21:25:00.839 +03:00] [INFO] Attempting to fetch event details from: https://script.google.com/macros/s/AKfycbxb9mGb5WsKt-h_3JcPJDC9Oz7m_Ec3_FXF-P622i6Gh4Py6b9U_7KJ83nX7auW9Hx2-w/exec
[2025-05-19T21:25:00.839 +03:00] [INFO] Fetching event details from Google Sheets: https://script.google.com/macros/s/AKfycbxb9mGb5WsKt-h_3JcPJDC9Oz7m_Ec3_FXF-P622i6Gh4Py6b9U_7KJ83nX7auW9Hx2-w/exec
[2025-05-19T21:25:01.227 +03:00] [INFO] Ignoring message from bot's own number: 972507412770
[2025-05-19T21:25:02.250 +03:00] [INFO] Ignoring message from bot's own number: 972507412770
[2025-05-19T21:25:04.718 +03:00] [INFO] Event details response: {"success":true,"details":{"Key":"Value","Name":"חתונה של יסמין ונתנאל","Date":"18.06.2025","Time":"19:30 קבלת פנים | 20:30 חופה וקידושין","Location":"אולמי חמישים ושמונה הירקונים 58,פתח תקווה","Description":"בשבח והודיה להשם יתברך אנו נרגשים להזמינכם לחגוג עימנו את היום המאושר בחיינו ביום רביעי כ״ב בסיון תשפ״ה"}}
[2025-05-19T21:25:04.718 +03:00] [INFO] Preparing messages for event: חתונה של יסמין ונתנאל
[2025-05-19T21:25:04.719 +03:00] [INFO] Days remaining until event: 27
[2025-05-19T21:25:04.719 +03:00] [INFO] About to fetch guests with key: you...
[2025-05-19T21:25:04.719 +03:00] [INFO] Attempting API call to fetch guests from: https://script.google.com/macros/s/AKfycbxb9mGb5WsKt-h_3JcPJDC9Oz7m_Ec3_FXF-P622i6Gh4Py6b9U_7KJ83nX7auW9Hx2-w/exec
[2025-05-19T21:25:04.719 +03:00] [INFO] Using secret key starting with: you...
[2025-05-19T21:25:04.719 +03:00] [INFO] Fetching guest list from Google Sheets: https://script.google.com/macros/s/AKfycbxb9mGb5WsKt-h_3JcPJDC9Oz7m_Ec3_FXF-P622i6Gh4Py6b9U_7KJ83nX7auW9Hx2-w/exec
[2025-05-19T21:25:08.092 +03:00] [INFO] API response status: 200
[2025-05-19T21:25:08.093 +03:00] [INFO] API response data: {"success":true,"guests":[{"Name":"יגאל","Phone":"+972526901876","Status":"Confirmed","GuestCount":1,"Notes":"","LastContacted":"2025-05-16T07:35:24.402Z"},{"Name":"שירן","Phone":"+972542080237","Status":"Maybe","GuestCount":0,"Notes":"Will follow up tomorrow","LastContacted":"2025-05-16T07:51:09.432Z"},{"Name":"עליזה","Phone":"+972503303141","Status":"Confirmed","GuestCount":3,"Notes":"","LastContacted":"2025-05-18T12:00:49.802Z"},{"Name":"נתנאל","Phone":"+972548157882","Status":"Maybe","GuestCount":0,"Notes":"Will follow up tomorrow","LastContacted":"2025-05-18T12:32:09.256Z"},{"Name":"טל","Phone":"+972546287589","Status":"Confirmed","GuestCount":1,"Notes":"","LastContacted":"2025-05-15T13:59:54.399Z"},{"Name":"יניב","Phone":"+972543435595","Status":"","GuestCount":"","Notes":"","LastContacted":""},{"Name":"יסמין","Phone":"+972533302058","Status":"","GuestCount":"","Notes":"","LastContacted":""},{"Name":"לינוי","Phone":"+972548161419","Status":"","GuestCount":"","Notes":"","LastContacted":""},{"Name":"רותם","Phone":"+972503401188","Status":"Confirmed","GuestCount":2,"Notes":"","LastContacted":"2025-05-18T13:33:49.837Z"}]}
[2025-05-19T21:25:08.094 +03:00] [INFO] Fetched 9 guests from Apps Script
[2025-05-19T21:25:08.094 +03:00] [INFO] Guest list response received with 9 guests
[2025-05-19T21:25:08.094 +03:00] [INFO] First guest data: {"name":"יגאל","phone":"+972526901876","email":"","status":"Confirmed","count":1,"notes":"","lastContacted":"2025-05-16T07:35:24.402Z"}
[2025-05-19T21:25:08.094 +03:00] [INFO] Found 9 potential guests to contact
[2025-05-19T21:25:08.094 +03:00] [INFO] Automatic scheduling: 27 days until event, selected 0 guests
[2025-05-19T21:25:08.094 +03:00] [INFO] No guests to message today according to event scheduling strategy (27 days until event)
[2025-05-19T21:25:56.888 +03:00] [INFO] Message from 972526901876: !debugapi
[2025-05-19T21:25:56.888 +03:00] [INFO] Checking if 972526901876 (972526901876) is admin: true
[2025-05-19T21:25:56.889 +03:00] [INFO] Admin command received: !debugapi
[2025-05-19T21:25:56.889 +03:00] [INFO] Admin phone numbers configured: +972526901876
[2025-05-19T21:25:56.889 +03:00] [INFO] Testing API connection...
[2025-05-19T21:25:57.139 +03:00] [INFO] ENV: APPS_SCRIPT_URL=https://script.google.com/macros/s/AKfycbxb9mGb5WsKt-h_3JcPJDC9Oz7m_Ec3_FXF-P622i6Gh4Py6b9U_7KJ83nX7auW9Hx2-w/exec
[2025-05-19T21:25:57.139 +03:00] [INFO] ENV: SECRET_KEY=you...
[2025-05-19T21:25:57.140 +03:00] [INFO] Using cached guest list data
[2025-05-19T21:25:57.142 +03:00] [INFO] Ignoring message from bot's own number: 972507412770
[2025-05-19T21:25:57.382 +03:00] [INFO] Ignoring message from bot's own number: 972507412770
[2025-05-19T21:25:57.627 +03:00] [INFO] Using cached event details
[2025-05-19T21:25:57.629 +03:00] [INFO] Ignoring message from bot's own number: 972507412770
[2025-05-19T21:25:57.873 +03:00] [INFO] Ignoring message from bot's own number: 972507412770
[2025-05-19T21:29:53.829 +03:00] [INFO] Connection update: {"isOnline":true}
[2025-05-19T21:29:53.831 +03:00] [INFO] Heartbeat sent successfully
[2025-05-19T21:30:00.175 +03:00] [INFO] Starting RSVP message batch with URL: https://script.google.com/macros/s/AKfycbxb9mGb5WsKt-h_3JcPJDC9Oz7m_Ec3_FXF-P622i6Gh4Py6b9U_7KJ83nX7auW9Hx2-w/exec
[2025-05-19T21:30:00.175 +03:00] [INFO] Using cached event details
[2025-05-19T21:30:00.175 +03:00] [INFO] Preparing messages for event: חתונה של יסמין ונתנאל
[2025-05-19T21:30:00.176 +03:00] [INFO] Days remaining until event: 27
[2025-05-19T21:30:00.176 +03:00] [INFO] About to fetch guests with key: you...
[2025-05-19T21:30:00.176 +03:00] [INFO] Using cached guest list data
[2025-05-19T21:30:00.176 +03:00] [INFO] Guest list response received with 9 guests
[2025-05-19T21:30:00.176 +03:00] [INFO] First guest data: {"name":"יגאל","phone":"+972526901876","email":"","status":"Confirmed","count":1,"notes":"","lastContacted":"2025-05-16T07:35:24.402Z"}
[2025-05-19T21:30:00.176 +03:00] [INFO] Found 9 potential guests to contact
[2025-05-19T21:30:00.177 +03:00] [INFO] Automatic scheduling: 27 days until event, selected 0 guests
[2025-05-19T21:30:00.177 +03:00] [INFO] No guests to message today according to event scheduling strategy (27 days until event)
[2025-05-19T21:30:00.538 +03:00] [INFO] Starting RSVP message batch with URL: https://script.google.com/macros/s/AKfycbxb9mGb5WsKt-h_3JcPJDC9Oz7m_Ec3_FXF-P622i6Gh4Py6b9U_7KJ83nX7auW9Hx2-w/exec
[2025-05-19T21:30:00.538 +03:00] [WARN] No active connection, skipping RSVP message batch
